<?xml version="1.0" encoding="UTF-8"?>
<!-- Generated by org.testng.reporters.JUnitXMLReporter -->
<testsuite ignored="0" hostname="DESKTOP-IPCLUFG" failures="1" tests="10" name="Test" time="312.538" errors="0" timestamp="2022-01-17T11:16:53 IST">
  <testcase classname="io.cucumber.testng.AbstractTestNGCucumberTests" name="runScenario" time="50.696"/>
  <testcase classname="io.cucumber.testng.AbstractTestNGCucumberTests" name="runScenario" time="47.887"/>
  <testcase classname="io.cucumber.testng.AbstractTestNGCucumberTests" name="runScenario" time="28.634"/>
  <testcase classname="io.cucumber.testng.AbstractTestNGCucumberTests" name="runScenario" time="24.21">
    <failure type="com.mindtree.exceptions.ReusableComponentException" message="signout is not able clicked in page home page">
      <![CDATA[com.mindtree.exceptions.ReusableComponentException: signout is not able clicked in page home page
at com.mindtree.reusableComponents.WebDriverSupport.click(WebDriverSupport.java:22)
at com.mindtree.pageObject.SignOut.SignOutapp(SignOut.java:35)
at com.mindtree.stepDefinitions.SignoutStepDef.click_on_sign_out_in_so(SignoutStepDef.java:59)
at ✽.click on sign out in so(file:///C:/Users/maddy/eclipse-maddyworkspace/BDD/Features/Signout.feature:9)
]]>
    </failure>
  </testcase> <!-- runScenario -->
  <testcase classname="io.cucumber.testng.AbstractTestNGCucumberTests" name="runScenario" time="29.408"/>
  <testcase classname="io.cucumber.testng.AbstractTestNGCucumberTests" name="runScenario" time="23.244"/>
  <testcase classname="io.cucumber.testng.AbstractTestNGCucumberTests" name="runScenario" time="23.763"/>
  <testcase classname="io.cucumber.testng.AbstractTestNGCucumberTests" name="runScenario" time="28.113"/>
  <testcase classname="io.cucumber.testng.AbstractTestNGCucumberTests" name="runScenario" time="34.274"/>
  <testcase classname="io.cucumber.testng.AbstractTestNGCucumberTests" name="runScenario" time="21.049"/>
</testsuite> <!-- Test -->
