<?xml version="1.0" encoding="UTF-8"?>
<testsuite xmlns:xsi="http://www.w3.org/2001/XMLSchema-instance" xsi:noNamespaceSchemaLocation="https://maven.apache.org/surefire/maven-surefire-plugin/xsd/surefire-test-report-3.0.xsd" version="3.0" name="TestSuite" time="314.396" tests="10" errors="0" skipped="0" failures="1">
  <properties>
[...]
</properties>
  <testcase name="runScenario[&quot;corporate car rental page&quot;, &quot;Optional[Corporate car rental]&quot;](1)" classname="com.mindtree.runner.BDDTestRunner" time="50.783">
    <system-out><![CDATA[CorporateCarRental
01-17-2022 11:11:52 ExtentLogUtilities.java INFO  [main] stepDefinitions.OutstationStepDef 14 - URL Opened
01-17-2022 11:11:53 ExtentLogUtilities.java INFO  [main] stepDefinitions.OutstationStepDef 14 - car rental is clicked in page home page
01-17-2022 11:12:00 ExtentLogUtilities.java INFO  [main] stepDefinitions.OutstationStepDef 14 - name is clicked in page namebox
01-17-2022 11:12:01 ExtentLogUtilities.java INFO  [main] stepDefinitions.OutstationStepDef 14 - name is send in page namebox
01-17-2022 11:12:02 ExtentLogUtilities.java INFO  [main] stepDefinitions.OutstationStepDef 14 - company name is clicked in page compnamebox
01-17-2022 11:12:03 ExtentLogUtilities.java INFO  [main] stepDefinitions.OutstationStepDef 14 - company name is send in page compnamebox
01-17-2022 11:12:03 ExtentLogUtilities.java INFO  [main] stepDefinitions.OutstationStepDef 14 - email is clicked in page emailbox
01-17-2022 11:12:04 ExtentLogUtilities.java INFO  [main] stepDefinitions.OutstationStepDef 14 - email is send in page emailbox
01-17-2022 11:12:05 ExtentLogUtilities.java INFO  [main] stepDefinitions.OutstationStepDef 14 - phone no is clicked in page phonenobox
01-17-2022 11:12:06 ExtentLogUtilities.java INFO  [main] stepDefinitions.OutstationStepDef 14 - phone no is send in page phonenobox
01-17-2022 11:12:07 ExtentLogUtilities.java INFO  [main] stepDefinitions.OutstationStepDef 14 - submit is clicked in page carrental
01-17-2022 11:12:28 ExtentLogUtilities.java INFO  [main] stepDefinitions.OutstationStepDef 14 - result detail shown 
01-17-2022 11:12:29 ExtentLogUtilities.java INFO  [main] stepDefinitions.OutstationStepDef 14 - home button is clicked in page home page
]]></system-out>
    <system-err><![CDATA[Starting ChromeDriver 96.0.4664.45 (76e4c1bb2ab4671b8beba3444e61c0f17584b2fc-refs/branch-heads/4664@{#947}) on port 37311
Only local connections are allowed.
Please see https://chromedriver.chromium.org/security-considerations for suggestions on keeping ChromeDriver safe.
ChromeDriver was started successfully.
[1642398104.972][WARNING]: This version of ChromeDriver has not been tested with Chrome version 97.
Jan 17, 2022 11:11:45 AM org.openqa.selenium.remote.ProtocolHandshake createSession
INFO: Detected dialect: W3C
]]></system-err>
  </testcase>
  <testcase name="runScenario[&quot;selecting chen-trl in in onewaycab&quot;, &quot;Optional[Oneway cab page]&quot;](2)" classname="com.mindtree.runner.BDDTestRunner" time="47.841">
    <system-out><![CDATA[OneWayCabs
01-17-2022 11:12:50 ExtentLogUtilities.java INFO  [main] stepDefinitions.ValidpageStepDef 14 - URL Opened
01-17-2022 11:12:51 ExtentLogUtilities.java INFO  [main] stepDefinitions.ValidpageStepDef 14 - One way cab is clicked in page home page
01-17-2022 11:13:04 ExtentLogUtilities.java INFO  [main] stepDefinitions.ValidpageStepDef 14 - chennaitab is clicked in page onewaycab
01-17-2022 11:13:06 ExtentLogUtilities.java INFO  [main] stepDefinitions.ValidpageStepDef 14 - trl is clicked in page chntab
Book Outstation Cabs, Local & Airport Taxi Service - India's Leading Car Rentals
01-17-2022 11:13:17 ExtentLogUtilities.java INFO  [main] stepDefinitions.ValidpageStepDef 14 - home button is clicked in page home page
]]></system-out>
    <system-err><![CDATA[Starting ChromeDriver 96.0.4664.45 (76e4c1bb2ab4671b8beba3444e61c0f17584b2fc-refs/branch-heads/4664@{#947}) on port 24900
Only local connections are allowed.
Please see https://chromedriver.chromium.org/security-considerations for suggestions on keeping ChromeDriver safe.
ChromeDriver was started successfully.
[1642398162.726][WARNING]: This version of ChromeDriver has not been tested with Chrome version 97.
Jan 17, 2022 11:12:42 AM org.openqa.selenium.remote.ProtocolHandshake createSession
INFO: Detected dialect: W3C
]]></system-err>
  </testcase>
  <testcase name="runScenario[&quot;Validating With valid Email And Password&quot;, &quot;Optional[Log in Validation]&quot;](3)" classname="com.mindtree.runner.BDDTestRunner" time="28.658">
    <system-out><![CDATA[Valid page
01-17-2022 11:13:37 ExtentLogUtilities.java INFO  [main] stepDefinitions.ValidpageStepDef 14 - URL Opened
01-17-2022 11:13:38 ExtentLogUtilities.java INFO  [main] stepDefinitions.ValidpageStepDef 14 - signin is clicked in page home page
01-17-2022 11:13:44 ExtentLogUtilities.java INFO  [main] stepDefinitions.ValidpageStepDef 14 - Email field is send in page Account Log in
01-17-2022 11:13:44 ExtentLogUtilities.java INFO  [main] stepDefinitions.ValidpageStepDef 14 - password field is send in page Account Log in
01-17-2022 11:13:45 ExtentLogUtilities.java INFO  [main] stepDefinitions.ValidpageStepDef 14 - sign in button is clicked in page Account Log in
01-17-2022 11:13:47 ExtentLogUtilities.java INFO  [main] stepDefinitions.ValidpageStepDef 14 - Successfully logged in
]]></system-out>
    <system-err><![CDATA[Starting ChromeDriver 96.0.4664.45 (76e4c1bb2ab4671b8beba3444e61c0f17584b2fc-refs/branch-heads/4664@{#947}) on port 38532
Only local connections are allowed.
Please see https://chromedriver.chromium.org/security-considerations for suggestions on keeping ChromeDriver safe.
ChromeDriver was started successfully.
[1642398204.426][WARNING]: This version of ChromeDriver has not been tested with Chrome version 97.
Jan 17, 2022 11:13:24 AM org.openqa.selenium.remote.ProtocolHandshake createSession
INFO: Detected dialect: W3C
]]></system-err>
  </testcase>
  <testcase name="runScenario[&quot;signout application&quot;, &quot;Optional[signout app]&quot;](4)" classname="com.mindtree.runner.BDDTestRunner" time="24.26">
    <failure message="signout is not able clicked in page home page" type="com.mindtree.exceptions.ReusableComponentException"><![CDATA[com.mindtree.exceptions.ReusableComponentException: signout is not able clicked in page home page
]]></failure>
    <system-out><![CDATA[Signout
01-17-2022 11:14:03 ExtentLogUtilities.java INFO  [main] stepDefinitions.OutstationStepDef 14 - URL Opened
01-17-2022 11:14:04 ExtentLogUtilities.java INFO  [main] stepDefinitions.OutstationStepDef 14 - signin is clicked in page home page
01-17-2022 11:14:09 ExtentLogUtilities.java INFO  [main] stepDefinitions.OutstationStepDef 14 - Email field is send in page Account Log in
01-17-2022 11:14:10 ExtentLogUtilities.java INFO  [main] stepDefinitions.OutstationStepDef 14 - password field is send in page Account Log in
01-17-2022 11:14:10 ExtentLogUtilities.java INFO  [main] stepDefinitions.OutstationStepDef 14 - sign in button is clicked in page Account Log in
01-17-2022 11:14:11 ExtentLogUtilities.java ERROR [main] stepDefinitions.OutstationStepDef 21 - signout is not able clicked in page home page
]]></system-out>
    <system-err><![CDATA[Starting ChromeDriver 96.0.4664.45 (76e4c1bb2ab4671b8beba3444e61c0f17584b2fc-refs/branch-heads/4664@{#947}) on port 27498
Only local connections are allowed.
Please see https://chromedriver.chromium.org/security-considerations for suggestions on keeping ChromeDriver safe.
ChromeDriver was started successfully.
[1642398234.308][WARNING]: This version of ChromeDriver has not been tested with Chrome version 97.
Jan 17, 2022 11:13:54 AM org.openqa.selenium.remote.ProtocolHandshake createSession
INFO: Detected dialect: W3C
]]></system-err>
  </testcase>
  <testcase name="runScenario[&quot;selecting car in airport&quot;, &quot;Optional[airport book]&quot;](5)" classname="com.mindtree.runner.BDDTestRunner" time="29.439">
    <system-out><![CDATA[airport page
01-17-2022 11:14:23 ExtentLogUtilities.java INFO  [main] stepDefinitions.ValidpageStepDef 14 - URL Opened
01-17-2022 11:14:24 ExtentLogUtilities.java INFO  [main] stepDefinitions.ValidpageStepDef 14 - airport is clicked in page home page
01-17-2022 11:14:25 ExtentLogUtilities.java INFO  [main] stepDefinitions.ValidpageStepDef 14 - from place is clicked in page Airport
01-17-2022 11:14:26 ExtentLogUtilities.java INFO  [main] stepDefinitions.ValidpageStepDef 14 - from place is send in page Airport
01-17-2022 11:14:27 ExtentLogUtilities.java INFO  [main] stepDefinitions.ValidpageStepDef 14 - from place is clicked in page Airport
01-17-2022 11:14:28 ExtentLogUtilities.java INFO  [main] stepDefinitions.ValidpageStepDef 14 - pickupaddress is clicked in page airport
01-17-2022 11:14:28 ExtentLogUtilities.java INFO  [main] stepDefinitions.ValidpageStepDef 14 - pickupaddress is send in page airport
01-17-2022 11:14:31 ExtentLogUtilities.java INFO  [main] stepDefinitions.ValidpageStepDef 14 - pickupaddress is clicked in page airport
01-17-2022 11:14:35 ExtentLogUtilities.java INFO  [main] stepDefinitions.ValidpageStepDef 14 - select car is clicked in page airport
01-17-2022 11:14:38 ExtentLogUtilities.java INFO  [main] stepDefinitions.ValidpageStepDef 14 - select car is clicked in page carpage
01-17-2022 11:14:40 ExtentLogUtilities.java INFO  [main] stepDefinitions.ValidpageStepDef 14 - booking detail shown 
01-17-2022 11:14:41 ExtentLogUtilities.java INFO  [main] stepDefinitions.ValidpageStepDef 14 - home button is clicked in page home page
]]></system-out>
    <system-err><![CDATA[Starting ChromeDriver 96.0.4664.45 (76e4c1bb2ab4671b8beba3444e61c0f17584b2fc-refs/branch-heads/4664@{#947}) on port 30895
Only local connections are allowed.
Please see https://chromedriver.chromium.org/security-considerations for suggestions on keeping ChromeDriver safe.
ChromeDriver was started successfully.
[1642398256.387][WARNING]: This version of ChromeDriver has not been tested with Chrome version 97.
Jan 17, 2022 11:14:16 AM org.openqa.selenium.remote.ProtocolHandshake createSession
INFO: Detected dialect: W3C
]]></system-err>
  </testcase>
  <testcase name="runScenario[&quot;verify download app&quot;, &quot;Optional[download app]&quot;](6)" classname="com.mindtree.runner.BDDTestRunner" time="23.188">
    <system-out><![CDATA[downloadapp page
01-17-2022 11:14:56 ExtentLogUtilities.java INFO  [main] stepDefinitions.DownloadappStepDef 14 - URL Opened
01-17-2022 11:14:58 ExtentLogUtilities.java INFO  [main] stepDefinitions.DownloadappStepDef 14 - playstore is clicked in page home page
01-17-2022 11:15:03 ExtentLogUtilities.java INFO  [main] stepDefinitions.DownloadappStepDef 14 - playsrore detail shown 
01-17-2022 11:15:04 ExtentLogUtilities.java INFO  [main] stepDefinitions.DownloadappStepDef 14 - home button is clicked in page home page
]]></system-out>
    <system-err><![CDATA[Starting ChromeDriver 96.0.4664.45 (76e4c1bb2ab4671b8beba3444e61c0f17584b2fc-refs/branch-heads/4664@{#947}) on port 12629
Only local connections are allowed.
Please see https://chromedriver.chromium.org/security-considerations for suggestions on keeping ChromeDriver safe.
ChromeDriver was started successfully.
[1642398286.855][WARNING]: This version of ChromeDriver has not been tested with Chrome version 97.
Jan 17, 2022 11:14:47 AM org.openqa.selenium.remote.ProtocolHandshake createSession
INFO: Detected dialect: W3C
]]></system-err>
  </testcase>
  <testcase name="runScenario[&quot;selecting car in local&quot;, &quot;Optional[local book]&quot;](7)" classname="com.mindtree.runner.BDDTestRunner" time="23.747">
    <system-out><![CDATA[Valid page
01-17-2022 11:15:16 ExtentLogUtilities.java INFO  [main] stepDefinitions.ValidpageStepDef 14 - URL Opened
01-17-2022 11:15:17 ExtentLogUtilities.java INFO  [main] stepDefinitions.ValidpageStepDef 14 - local is clicked in page home page
01-17-2022 11:15:18 ExtentLogUtilities.java INFO  [main] stepDefinitions.ValidpageStepDef 14 - from place is clicked in page local
01-17-2022 11:15:19 ExtentLogUtilities.java INFO  [main] stepDefinitions.ValidpageStepDef 14 - from place is send in page frombox
01-17-2022 11:15:23 ExtentLogUtilities.java INFO  [main] stepDefinitions.ValidpageStepDef 14 - select car is clicked in page local
01-17-2022 11:15:26 ExtentLogUtilities.java INFO  [main] stepDefinitions.ValidpageStepDef 14 - time is clicked in page car page
01-17-2022 11:15:26 ExtentLogUtilities.java INFO  [main] stepDefinitions.ValidpageStepDef 14 - select car is clicked in page car page
01-17-2022 11:15:27 ExtentLogUtilities.java INFO  [main] stepDefinitions.ValidpageStepDef 14 - booking detail shown 
01-17-2022 11:15:28 ExtentLogUtilities.java INFO  [main] stepDefinitions.ValidpageStepDef 14 - home button is clicked in page home page
]]></system-out>
    <system-err><![CDATA[Starting ChromeDriver 96.0.4664.45 (76e4c1bb2ab4671b8beba3444e61c0f17584b2fc-refs/branch-heads/4664@{#947}) on port 21208
Only local connections are allowed.
Please see https://chromedriver.chromium.org/security-considerations for suggestions on keeping ChromeDriver safe.
ChromeDriver was started successfully.
[1642398309.921][WARNING]: This version of ChromeDriver has not been tested with Chrome version 97.
Jan 17, 2022 11:15:09 AM org.openqa.selenium.remote.ProtocolHandshake createSession
INFO: Detected dialect: W3C
]]></system-err>
  </testcase>
  <testcase name="runScenario[&quot;selecting car in outstation&quot;, &quot;Optional[Outstation book]&quot;](8)" classname="com.mindtree.runner.BDDTestRunner" time="28.119">
    <system-out><![CDATA[out station
01-17-2022 11:15:40 ExtentLogUtilities.java INFO  [main] stepDefinitions.OutstationStepDef 14 - URL Opened
01-17-2022 11:15:41 ExtentLogUtilities.java INFO  [main] stepDefinitions.OutstationStepDef 14 - from place is clicked in page outstation
01-17-2022 11:15:42 ExtentLogUtilities.java INFO  [main] stepDefinitions.OutstationStepDef 14 - from place is send in page frombox
01-17-2022 11:15:43 ExtentLogUtilities.java INFO  [main] stepDefinitions.OutstationStepDef 14 - to place is clicked in page outstation
01-17-2022 11:15:43 ExtentLogUtilities.java INFO  [main] stepDefinitions.OutstationStepDef 14 - to place is send in page to box
01-17-2022 11:15:44 ExtentLogUtilities.java INFO  [main] stepDefinitions.OutstationStepDef 14 - to place is clicked in page outstation
01-17-2022 11:15:49 ExtentLogUtilities.java INFO  [main] stepDefinitions.OutstationStepDef 14 - select car is clicked in page outstation
01-17-2022 11:15:51 ExtentLogUtilities.java INFO  [main] stepDefinitions.OutstationStepDef 14 - Successfully verified
01-17-2022 11:15:54 ExtentLogUtilities.java INFO  [main] stepDefinitions.OutstationStepDef 14 - home button is clicked in page home page
]]></system-out>
    <system-err><![CDATA[Starting ChromeDriver 96.0.4664.45 (76e4c1bb2ab4671b8beba3444e61c0f17584b2fc-refs/branch-heads/4664@{#947}) on port 22860
Only local connections are allowed.
Please see https://chromedriver.chromium.org/security-considerations for suggestions on keeping ChromeDriver safe.
ChromeDriver was started successfully.
[1642398332.836][WARNING]: This version of ChromeDriver has not been tested with Chrome version 97.
Jan 17, 2022 11:15:33 AM org.openqa.selenium.remote.ProtocolHandshake createSession
INFO: Detected dialect: W3C
]]></system-err>
  </testcase>
  <testcase name="runScenario[&quot;selecting car in roundtrip&quot;, &quot;Optional[roundtrip book]&quot;](9)" classname="com.mindtree.runner.BDDTestRunner" time="34.278">
    <system-out><![CDATA[Valid page
01-17-2022 11:16:13 ExtentLogUtilities.java INFO  [main] stepDefinitions.ValidpageStepDef 14 - URL Opened
01-17-2022 11:16:16 ExtentLogUtilities.java INFO  [main] stepDefinitions.ValidpageStepDef 14 - round is clicked in page homepage
01-17-2022 11:16:16 ExtentLogUtilities.java INFO  [main] stepDefinitions.ValidpageStepDef 14 - from place is clicked in page homepage
01-17-2022 11:16:17 ExtentLogUtilities.java INFO  [main] stepDefinitions.ValidpageStepDef 14 - from place is send in page frombox
01-17-2022 11:16:18 ExtentLogUtilities.java INFO  [main] stepDefinitions.ValidpageStepDef 14 - to place is clicked in page roundtrip
01-17-2022 11:16:19 ExtentLogUtilities.java INFO  [main] stepDefinitions.ValidpageStepDef 14 - to place is send in page to box
01-17-2022 11:16:19 ExtentLogUtilities.java INFO  [main] stepDefinitions.ValidpageStepDef 14 - to place is clicked in page roundtrip
01-17-2022 11:16:25 ExtentLogUtilities.java INFO  [main] stepDefinitions.ValidpageStepDef 14 - select car is clicked in page roundtrip
01-17-2022 11:16:28 ExtentLogUtilities.java INFO  [main] stepDefinitions.ValidpageStepDef 14 - select car is clicked in page car page
01-17-2022 11:16:29 ExtentLogUtilities.java INFO  [main] stepDefinitions.ValidpageStepDef 14 - booking detail shown 
01-17-2022 11:16:30 ExtentLogUtilities.java INFO  [main] stepDefinitions.ValidpageStepDef 14 - home button is clicked in page home page
]]></system-out>
    <system-err><![CDATA[Starting ChromeDriver 96.0.4664.45 (76e4c1bb2ab4671b8beba3444e61c0f17584b2fc-refs/branch-heads/4664@{#947}) on port 47897
Only local connections are allowed.
Please see https://chromedriver.chromium.org/security-considerations for suggestions on keeping ChromeDriver safe.
ChromeDriver was started successfully.
[1642398362.996][WARNING]: This version of ChromeDriver has not been tested with Chrome version 97.
Jan 17, 2022 11:16:03 AM org.openqa.selenium.remote.ProtocolHandshake createSession
INFO: Detected dialect: W3C
]]></system-err>
  </testcase>
  <testcase name="runScenario[&quot;validate the page title&quot;, &quot;Optional[Validate Page]&quot;](10)" classname="com.mindtree.runner.BDDTestRunner" time="21.045">
    <system-out><![CDATA[Valid page
01-17-2022 11:16:51 ExtentLogUtilities.java INFO  [main] stepDefinitions.ValidpageStepDef 14 - URL Opened
01-17-2022 11:16:51 ExtentLogUtilities.java INFO  [main] stepDefinitions.ValidpageStepDef 14 - Page opend with title Book Outstation Cabs, Local & Airport Taxi Service - India's Leading Car Rentals
]]></system-out>
    <system-err><![CDATA[Starting ChromeDriver 96.0.4664.45 (76e4c1bb2ab4671b8beba3444e61c0f17584b2fc-refs/branch-heads/4664@{#947}) on port 31171
Only local connections are allowed.
Please see https://chromedriver.chromium.org/security-considerations for suggestions on keeping ChromeDriver safe.
ChromeDriver was started successfully.
[1642398401.879][WARNING]: This version of ChromeDriver has not been tested with Chrome version 97.
Jan 17, 2022 11:16:42 AM org.openqa.selenium.remote.ProtocolHandshake createSession
INFO: Detected dialect: W3C
]]></system-err>
  </testcase>
</testsuite>