<?xml version="1.0" encoding="UTF-8"?>
<testng-results ignored="0" total="10" passed="9" failed="1" skipped="0">
  <reporter-output>
  </reporter-output>
  <suite started-at="2022-01-17T11:11:40 IST" name="Suite" finished-at="2022-01-17T11:16:53 IST" duration-ms="312538">
    <groups>
      <group name="cucumber">
        <method signature="AbstractTestNGCucumberTests.runScenario(io.cucumber.testng.PickleWrapper, io.cucumber.testng.FeatureWrapper)[pri:0, instance:com.mindtree.runner.BDDTestRunner@484970b0]" name="runScenario" class="io.cucumber.testng.AbstractTestNGCucumberTests"/>
      </group> <!-- cucumber -->
    </groups>
    <test started-at="2022-01-17T11:11:40 IST" name="Test" finished-at="2022-01-17T11:16:53 IST" duration-ms="312538">
      <class name="com.mindtree.runner.BDDTestRunner">
        <test-method is-config="true" signature="setUpClass(org.testng.ITestContext)[pri:0, instance:com.mindtree.runner.BDDTestRunner@484970b0]" started-at="2022-01-17T11:11:40 IST" name="setUpClass" finished-at="2022-01-17T11:11:41 IST" duration-ms="1109" status="PASS">
          <params>
            <param index="0">
              <value>
                <![CDATA[org.testng.TestRunner@6cc64028]]>
              </value>
            </param>
          </params>
          <reporter-output>
          </reporter-output>
        </test-method> <!-- setUpClass -->
        <test-method signature="runScenario(io.cucumber.testng.PickleWrapper, io.cucumber.testng.FeatureWrapper)[pri:0, instance:com.mindtree.runner.BDDTestRunner@484970b0]" started-at="2022-01-17T11:11:41 IST" name="runScenario" description="Runs Cucumber Scenarios" data-provider="scenarios" finished-at="2022-01-17T11:12:32 IST" duration-ms="50696" status="PASS">
          <params>
            <param index="0">
              <value>
                <![CDATA["corporate car rental page"]]>
              </value>
            </param>
            <param index="1">
              <value>
                <![CDATA["Optional[Corporate car rental]"]]>
              </value>
            </param>
          </params>
          <reporter-output>
          </reporter-output>
        </test-method> <!-- runScenario -->
        <test-method signature="runScenario(io.cucumber.testng.PickleWrapper, io.cucumber.testng.FeatureWrapper)[pri:0, instance:com.mindtree.runner.BDDTestRunner@484970b0]" started-at="2022-01-17T11:12:32 IST" name="runScenario" description="Runs Cucumber Scenarios" data-provider="scenarios" finished-at="2022-01-17T11:13:20 IST" duration-ms="47887" status="PASS">
          <params>
            <param index="0">
              <value>
                <![CDATA["selecting chen-trl in in onewaycab"]]>
              </value>
            </param>
            <param index="1">
              <value>
                <![CDATA["Optional[Oneway cab page]"]]>
              </value>
            </param>
          </params>
          <reporter-output>
          </reporter-output>
        </test-method> <!-- runScenario -->
        <test-method signature="runScenario(io.cucumber.testng.PickleWrapper, io.cucumber.testng.FeatureWrapper)[pri:0, instance:com.mindtree.runner.BDDTestRunner@484970b0]" started-at="2022-01-17T11:13:20 IST" name="runScenario" description="Runs Cucumber Scenarios" data-provider="scenarios" finished-at="2022-01-17T11:13:49 IST" duration-ms="28634" status="PASS">
          <params>
            <param index="0">
              <value>
                <![CDATA["Validating With valid Email And Password"]]>
              </value>
            </param>
            <param index="1">
              <value>
                <![CDATA["Optional[Log in Validation]"]]>
              </value>
            </param>
          </params>
          <reporter-output>
          </reporter-output>
        </test-method> <!-- runScenario -->
        <test-method signature="runScenario(io.cucumber.testng.PickleWrapper, io.cucumber.testng.FeatureWrapper)[pri:0, instance:com.mindtree.runner.BDDTestRunner@484970b0]" started-at="2022-01-17T11:13:49 IST" name="runScenario" description="Runs Cucumber Scenarios" data-provider="scenarios" finished-at="2022-01-17T11:14:13 IST" duration-ms="24210" status="FAIL">
          <params>
            <param index="0">
              <value>
                <![CDATA["signout application"]]>
              </value>
            </param>
            <param index="1">
              <value>
                <![CDATA["Optional[signout app]"]]>
              </value>
            </param>
          </params>
          <exception class="com.mindtree.exceptions.ReusableComponentException">
            <message>
              <![CDATA[signout is not able clicked in page home page]]>
            </message>
            <full-stacktrace>
              <![CDATA[com.mindtree.exceptions.ReusableComponentException: signout is not able clicked in page home page
at com.mindtree.reusableComponents.WebDriverSupport.click(WebDriverSupport.java:22)
at com.mindtree.pageObject.SignOut.SignOutapp(SignOut.java:35)
at com.mindtree.stepDefinitions.SignoutStepDef.click_on_sign_out_in_so(SignoutStepDef.java:59)
at ✽.click on sign out in so(file:///C:/Users/maddy/eclipse-maddyworkspace/BDD/Features/Signout.feature:9)
]]>
            </full-stacktrace>
          </exception> <!-- com.mindtree.exceptions.ReusableComponentException -->
          <reporter-output>
          </reporter-output>
        </test-method> <!-- runScenario -->
        <test-method signature="runScenario(io.cucumber.testng.PickleWrapper, io.cucumber.testng.FeatureWrapper)[pri:0, instance:com.mindtree.runner.BDDTestRunner@484970b0]" started-at="2022-01-17T11:14:13 IST" name="runScenario" description="Runs Cucumber Scenarios" data-provider="scenarios" finished-at="2022-01-17T11:14:42 IST" duration-ms="29408" status="PASS">
          <params>
            <param index="0">
              <value>
                <![CDATA["selecting car in airport"]]>
              </value>
            </param>
            <param index="1">
              <value>
                <![CDATA["Optional[airport book]"]]>
              </value>
            </param>
          </params>
          <reporter-output>
          </reporter-output>
        </test-method> <!-- runScenario -->
        <test-method signature="runScenario(io.cucumber.testng.PickleWrapper, io.cucumber.testng.FeatureWrapper)[pri:0, instance:com.mindtree.runner.BDDTestRunner@484970b0]" started-at="2022-01-17T11:14:42 IST" name="runScenario" description="Runs Cucumber Scenarios" data-provider="scenarios" finished-at="2022-01-17T11:15:06 IST" duration-ms="23244" status="PASS">
          <params>
            <param index="0">
              <value>
                <![CDATA["verify download app"]]>
              </value>
            </param>
            <param index="1">
              <value>
                <![CDATA["Optional[download app]"]]>
              </value>
            </param>
          </params>
          <reporter-output>
          </reporter-output>
        </test-method> <!-- runScenario -->
        <test-method signature="runScenario(io.cucumber.testng.PickleWrapper, io.cucumber.testng.FeatureWrapper)[pri:0, instance:com.mindtree.runner.BDDTestRunner@484970b0]" started-at="2022-01-17T11:15:06 IST" name="runScenario" description="Runs Cucumber Scenarios" data-provider="scenarios" finished-at="2022-01-17T11:15:29 IST" duration-ms="23763" status="PASS">
          <params>
            <param index="0">
              <value>
                <![CDATA["selecting car in local"]]>
              </value>
            </param>
            <param index="1">
              <value>
                <![CDATA["Optional[local book]"]]>
              </value>
            </param>
          </params>
          <reporter-output>
          </reporter-output>
        </test-method> <!-- runScenario -->
        <test-method signature="runScenario(io.cucumber.testng.PickleWrapper, io.cucumber.testng.FeatureWrapper)[pri:0, instance:com.mindtree.runner.BDDTestRunner@484970b0]" started-at="2022-01-17T11:15:29 IST" name="runScenario" description="Runs Cucumber Scenarios" data-provider="scenarios" finished-at="2022-01-17T11:15:57 IST" duration-ms="28113" status="PASS">
          <params>
            <param index="0">
              <value>
                <![CDATA["selecting car in outstation"]]>
              </value>
            </param>
            <param index="1">
              <value>
                <![CDATA["Optional[Outstation book]"]]>
              </value>
            </param>
          </params>
          <reporter-output>
          </reporter-output>
        </test-method> <!-- runScenario -->
        <test-method signature="runScenario(io.cucumber.testng.PickleWrapper, io.cucumber.testng.FeatureWrapper)[pri:0, instance:com.mindtree.runner.BDDTestRunner@484970b0]" started-at="2022-01-17T11:15:57 IST" name="runScenario" description="Runs Cucumber Scenarios" data-provider="scenarios" finished-at="2022-01-17T11:16:32 IST" duration-ms="34274" status="PASS">
          <params>
            <param index="0">
              <value>
                <![CDATA["selecting car in roundtrip"]]>
              </value>
            </param>
            <param index="1">
              <value>
                <![CDATA["Optional[roundtrip book]"]]>
              </value>
            </param>
          </params>
          <reporter-output>
          </reporter-output>
        </test-method> <!-- runScenario -->
        <test-method signature="runScenario(io.cucumber.testng.PickleWrapper, io.cucumber.testng.FeatureWrapper)[pri:0, instance:com.mindtree.runner.BDDTestRunner@484970b0]" started-at="2022-01-17T11:16:32 IST" name="runScenario" description="Runs Cucumber Scenarios" data-provider="scenarios" finished-at="2022-01-17T11:16:53 IST" duration-ms="21049" status="PASS">
          <params>
            <param index="0">
              <value>
                <![CDATA["validate the page title"]]>
              </value>
            </param>
            <param index="1">
              <value>
                <![CDATA["Optional[Validate Page]"]]>
              </value>
            </param>
          </params>
          <reporter-output>
          </reporter-output>
        </test-method> <!-- runScenario -->
        <test-method is-config="true" signature="tearDownClass()[pri:0, instance:com.mindtree.runner.BDDTestRunner@484970b0]" started-at="2022-01-17T11:16:53 IST" name="tearDownClass" finished-at="2022-01-17T11:16:53 IST" duration-ms="6" status="PASS">
          <reporter-output>
          </reporter-output>
        </test-method> <!-- tearDownClass -->
      </class> <!-- com.mindtree.runner.BDDTestRunner -->
    </test> <!-- Test -->
  </suite> <!-- Suite -->
</testng-results>
