-------------------------------------------------------------------------------
Test set: TestSuite
-------------------------------------------------------------------------------
Tests run: 10, Failures: 1, Errors: 0, Skipped: 0, Time elapsed: 314.396 s <<< FAILURE! - in TestSuite
com.mindtree.runner.BDDTestRunner.runScenario["signout application", "Optional[signout app]"](4)  Time elapsed: 24.26 s  <<< FAILURE!
com.mindtree.exceptions.ReusableComponentException: signout is not able clicked in page home page

