<?xml version="1.0" encoding="UTF-8"?>
<!-- Generated by org.testng.reporters.JUnitReportReporter -->
<testsuite hostname="DESKTOP-IPCLUFG" failures="0" tests="10" name="com.mindtree.runner.BDDTestRunner" time="311.278" errors="1" timestamp="2022-01-17T11:16:53 IST" skipped="0">
  <testcase classname="com.mindtree.runner.BDDTestRunner" name="runScenario" time="29.408"/>
  <testcase classname="com.mindtree.runner.BDDTestRunner" name="runScenario" time="21.049"/>
  <testcase classname="com.mindtree.runner.BDDTestRunner" name="runScenario" time="50.696"/>
  <testcase classname="com.mindtree.runner.BDDTestRunner" name="runScenario" time="28.113"/>
  <testcase classname="com.mindtree.runner.BDDTestRunner" name="runScenario" time="23.763"/>
  <testcase classname="com.mindtree.runner.BDDTestRunner" name="runScenario" time="34.274"/>
  <testcase classname="com.mindtree.runner.BDDTestRunner" name="runScenario" time="23.244"/>
  <testcase classname="com.mindtree.runner.BDDTestRunner" name="runScenario" time="24.210">
    <error message="signout is not able clicked in page home page" type="com.mindtree.exceptions.ReusableComponentException">
      <![CDATA[com.mindtree.exceptions.ReusableComponentException: signout is not able clicked in page home page
at com.mindtree.reusableComponents.WebDriverSupport.click(WebDriverSupport.java:22)
at com.mindtree.pageObject.SignOut.SignOutapp(SignOut.java:35)
at com.mindtree.stepDefinitions.SignoutStepDef.click_on_sign_out_in_so(SignoutStepDef.java:59)
at ✽.click on sign out in so(file:///C:/Users/maddy/eclipse-maddyworkspace/BDD/Features/Signout.feature:9)
]]>
    </error>
  </testcase> <!-- runScenario -->
  <testcase classname="com.mindtree.runner.BDDTestRunner" name="runScenario" time="47.887"/>
  <testcase classname="com.mindtree.runner.BDDTestRunner" name="runScenario" time="28.634"/>
</testsuite> <!-- com.mindtree.runner.BDDTestRunner -->
